<?xml version="1.0" encoding="UTF-8"?>
<testsuite xmlns:xsi="http://www.w3.org/2001/XMLSchema-instance" xsi:noNamespaceSchemaLocation="https://maven.apache.org/surefire/maven-surefire-plugin/xsd/surefire-test-report-3.0.xsd" version="3.0" name="jp.gihyo.jenkinsbook.action.SampleActionTest" time="0.034" tests="5" errors="0" skipped="0" failures="0">
  <properties>
[...]
</properties>
  <testcase name="testExecuteNormal" classname="jp.gihyo.jenkinsbook.action.SampleActionTest" time="0.014"/>
  <testcase name="testCheckError1" classname="jp.gihyo.jenkinsbook.action.SampleActionTest" time="0.0"/>
  <testcase name="testCheckError2" classname="jp.gihyo.jenkinsbook.action.SampleActionTest" time="0.0"/>
  <testcase name="testCheckError3" classname="jp.gihyo.jenkinsbook.action.SampleActionTest" time="0.0"/>
  <testcase name="testCheckNormal" classname="jp.gihyo.jenkinsbook.action.SampleActionTest" time="0.0"/>
</testsuite>